<?xml version="1.0" encoding="UTF-8"?>
<testsuite name="TestCalculator" tests="2" skipped="0" failures="0" errors="0" timestamp="2018-06-16T21:01:02" hostname="DESKTOP-RDMGEQ8" time="0.002">
  <properties/>
  <testcase name="TestProd" classname="TestCalculator" time="0.001"/>
  <testcase name="TestSum" classname="TestCalculator" time="0.0"/>
  <system-out><![CDATA[]]></system-out>
  <system-err><![CDATA[]]></system-err>
</testsuite>
